This is pdfTeX, Version 3.1415926-2.5-1.40.14 (MiKTeX 2.9 64-bit) (preloaded format=pdflatex 2015.1.18)  9 MAY 2016 20:09
entering extended mode
**base*latex.tex

("C:\Users\Eymar Lima\Dropbox\Faculdade\5ยบ Semestre\ES 1\Projeto GamSys\Projet
o-GamSys\Casos de Uso - Expandido\base latex.tex"
LaTeX2e <2011/06/27>
Babel <v3.8m> and hyphenation patterns for english, afrikaans, ancientgreek, ar
abic, armenian, assamese, basque, bengali, bokmal, bulgarian, catalan, coptic, 
croatian, czech, danish, dutch, esperanto, estonian, farsi, finnish, french, ga
lician, german, german-x-2013-05-26, greek, gujarati, hindi, hungarian, iceland
ic, indonesian, interlingua, irish, italian, kannada, kurmanji, latin, latvian,
 lithuanian, malayalam, marathi, mongolian, mongolianlmc, monogreek, ngerman, n
german-x-2013-05-26, nynorsk, oriya, panjabi, pinyin, polish, portuguese, roman
ian, russian, sanskrit, serbian, slovak, slovenian, spanish, swedish, swissgerm
an, tamil, telugu, turkish, turkmen, ukenglish, ukrainian, uppersorbian, usengl
ishmax, welsh, loaded.
("C:\Program Files\MiKTeX 2.9\tex\latex\base\article.cls"
Document Class: article 2007/10/19 v1.4h Standard LaTeX document class
("C:\Program Files\MiKTeX 2.9\tex\latex\base\size12.clo"
File: size12.clo 2007/10/19 v1.4h Standard LaTeX file (size option)
)
\c@part=\count79
\c@section=\count80
\c@subsection=\count81
\c@subsubsection=\count82
\c@paragraph=\count83
\c@subparagraph=\count84
\c@figure=\count85
\c@table=\count86
\abovecaptionskip=\skip41
\belowcaptionskip=\skip42
\bibindent=\dimen102
)
("C:\Program Files\MiKTeX 2.9\tex\generic\babel\babel.sty"
Package: babel 2008/07/08 v3.8m The Babel package

*************************************
* Local config file bblopts.cfg used
*
("C:\Program Files\MiKTeX 2.9\tex\latex\00miktex\bblopts.cfg"
File: bblopts.cfg 2006/07/31 v1.0 MiKTeX 'babel' configuration
)
("C:\Program Files\MiKTeX 2.9\tex\generic\babel\portuges.ldf"
Language: portuges 2008/03/18 v1.2q Portuguese support from the babel system

("C:\Program Files\MiKTeX 2.9\tex\generic\babel\babel.def"
File: babel.def 2008/07/08 v3.8m Babel common definitions
\babel@savecnt=\count87
\U@D=\dimen103
)
\l@brazil = a dialect from \language\l@portuges 
Package babel Info: Making " an active character on input line 145.
))
("C:\Program Files\MiKTeX 2.9\tex\latex\base\inputenc.sty"
Package: inputenc 2008/03/30 v1.1d Input encoding file
\inpenc@prehook=\toks14
\inpenc@posthook=\toks15

("C:\Program Files\MiKTeX 2.9\tex\latex\base\latin1.def"
File: latin1.def 2008/03/30 v1.1d Input encoding file
))
("C:\Program Files\MiKTeX 2.9\tex\latex\graphics\graphicx.sty"
Package: graphicx 1999/02/16 v1.0f Enhanced LaTeX Graphics (DPC,SPQR)

("C:\Program Files\MiKTeX 2.9\tex\latex\graphics\keyval.sty"
Package: keyval 1999/03/16 v1.13 key=value parser (DPC)
\KV@toks@=\toks16
)
("C:\Program Files\MiKTeX 2.9\tex\latex\graphics\graphics.sty"
Package: graphics 2009/02/05 v1.0o Standard LaTeX Graphics (DPC,SPQR)

("C:\Program Files\MiKTeX 2.9\tex\latex\graphics\trig.sty"
Package: trig 1999/03/16 v1.09 sin cos tan (DPC)
)
("C:\Program Files\MiKTeX 2.9\tex\latex\00miktex\graphics.cfg"
File: graphics.cfg 2007/01/18 v1.5 graphics configuration of teTeX/TeXLive
)
Package graphics Info: Driver file: pdftex.def on input line 91.

("C:\Program Files\MiKTeX 2.9\tex\latex\pdftex-def\pdftex.def"
File: pdftex.def 2011/05/27 v0.06d Graphics/color for pdfTeX

("C:\Program Files\MiKTeX 2.9\tex\generic\oberdiek\infwarerr.sty"
Package: infwarerr 2010/04/08 v1.3 Providing info/warning/error messages (HO)
)
("C:\Program Files\MiKTeX 2.9\tex\generic\oberdiek\ltxcmds.sty"
Package: ltxcmds 2011/11/09 v1.22 LaTeX kernel commands for general use (HO)
)
\Gread@gobject=\count88
))
\Gin@req@height=\dimen104
\Gin@req@width=\dimen105
)
("C:\Users\Eymar Lima\Dropbox\Faculdade\5ยบ Semestre\ES 1\Projeto GamSys\Projet
o-GamSys\Casos de Uso - Expandido\latex8.sty"
SEKE 8.5 x 11-Inch Proceedings Style `latex8.sty'.
\@ctmp=\skip43
\@figindent=\skip44
) ("C:\Program Files\MiKTeX 2.9\tex\latex\tabto\tabto.sty"
Package: tabto 2013/03/25  v 1.3  Another tabbing mechanism
\CurrentLineWidth=\dimen106
)
("C:\Program Files\MiKTeX 2.9\tex\latex\tools\verbatim.sty"
Package: verbatim 2003/08/22 v1.5q LaTeX2e package for verbatim enhancements
\every@verbatim=\toks17
\verbatim@line=\toks18
\verbatim@in@stream=\read1
)
("C:\Users\Eymar Lima\Dropbox\Faculdade\5ยบ Semestre\ES 1\Projeto GamSys\Projet
o-GamSys\Casos de Uso - Expandido\base latex.aux")
LaTeX Font Info:    Checking defaults for OML/cmm/m/it on input line 23.
LaTeX Font Info:    ... okay on input line 23.
LaTeX Font Info:    Checking defaults for T1/cmr/m/n on input line 23.
LaTeX Font Info:    ... okay on input line 23.
LaTeX Font Info:    Checking defaults for OT1/cmr/m/n on input line 23.
LaTeX Font Info:    ... okay on input line 23.
LaTeX Font Info:    Checking defaults for OMS/cmsy/m/n on input line 23.
LaTeX Font Info:    ... okay on input line 23.
LaTeX Font Info:    Checking defaults for OMX/cmex/m/n on input line 23.
LaTeX Font Info:    ... okay on input line 23.
LaTeX Font Info:    Checking defaults for U/cmr/m/n on input line 23.
LaTeX Font Info:    ... okay on input line 23.

("C:\Program Files\MiKTeX 2.9\tex\context\base\supp-pdf.mkii"
[Loading MPS to PDF converter (version 2006.09.02).]
\scratchcounter=\count89
\scratchdimen=\dimen107
\scratchbox=\box26
\nofMPsegments=\count90
\nofMParguments=\count91
\everyMPshowfont=\toks19
\MPscratchCnt=\count92
\MPscratchDim=\dimen108
\MPnumerator=\count93
\makeMPintoPDFobject=\count94
\everyMPtoPDFconversion=\toks20
)
LaTeX Font Info:    External font `cmex10' loaded for size
(Font)              <14.4> on input line 24.
LaTeX Font Info:    External font `cmex10' loaded for size
(Font)              <7> on input line 24.

Overfull \hbox (27.11398pt too wide) in paragraph at lines 24--24
 [][] 
 []

[1

{C:/ProgramData/MiKTeX/2.9/pdftex/config/pdftex.map}]
LaTeX Font Info:    External font `cmex10' loaded for size
(Font)              <12> on input line 32.
LaTeX Font Info:    External font `cmex10' loaded for size
(Font)              <8> on input line 32.
LaTeX Font Info:    External font `cmex10' loaded for size
(Font)              <6> on input line 32.

Underfull \hbox (badness 10000) in paragraph at lines 38--38
[]\OT1/cmr/m/n/12 Refer^encias
 []


Underfull \hbox (badness 3849) in paragraph at lines 49--49
[]\OT1/cmr/bx/n/12 3. O Sis-tema re-cu-pera
 []

[2]
Underfull \hbox (badness 10000) in paragraph at lines 70--70
[]\OT1/cmr/m/n/12 Refer^encias
 []

[3]
Underfull \hbox (badness 10000) in paragraph at lines 102--102
[]\OT1/cmr/m/n/12 Refer^encias
 []


Underfull \hbox (badness 1168) in paragraph at lines 113--113
[]\OT1/cmr/bx/n/12 4. O Sis-tema ve-ri-fica as
 []


Underfull \hbox (badness 3942) in paragraph at lines 113--113
\OT1/cmr/bx/n/12 in-formac~oes do cart~ao de
 []

[4]
Underfull \hbox (badness 10000) in paragraph at lines 135--135
[]\OT1/cmr/m/n/12 Refer^encias
 []


Underfull \hbox (badness 4940) in paragraph at lines 145--145
\OT1/cmr/bx/n/12 a fun-ci-o-na-li-dade para al-
 []

[5]
Underfull \hbox (badness 10000) in paragraph at lines 164--164
[]\OT1/cmr/m/n/12 Refer^encias
 []


Underfull \hbox (badness 2564) in paragraph at lines 175--175
[]\OT1/cmr/bx/n/12 3. O Sis-tema busca os
 []

[6]
Underfull \hbox (badness 10000) in paragraph at lines 194--194
[]\OT1/cmr/m/n/12 Refer^encias
 []

[7]
Underfull \hbox (badness 10000) in paragraph at lines 228--228
[]\OT1/cmr/m/n/12 Refer^encias
 []

[8]
Underfull \hbox (badness 10000) in paragraph at lines 257--257
[]\OT1/cmr/m/n/12 Refer^encias
 []


Underfull \hbox (badness 7273) in paragraph at lines 268--268
[]\OT1/cmr/bx/n/12 3. O Sis-tema cria a
 []


Underfull \hbox (badness 10000) in paragraph at lines 273--275

 []

[9]
Underfull \hbox (badness 10000) in paragraph at lines 289--289
[]\OT1/cmr/m/n/12 Refer^encias
 []


Underfull \hbox (badness 10000) in paragraph at lines 306--308

 []

[10]
Underfull \hbox (badness 10000) in paragraph at lines 322--322
[]\OT1/cmr/m/n/12 Refer^encias
 []

[11]
Underfull \hbox (badness 10000) in paragraph at lines 351--351
[]\OT1/cmr/m/n/12 Refer^encias
 []

[12]
Underfull \hbox (badness 10000) in paragraph at lines 379--379
[]\OT1/cmr/m/n/12 Refer^encias
 []


Underfull \hbox (badness 1642) in paragraph at lines 389--389
\OT1/cmr/bx/n/12 mu-ni-dade es-co-lhe uma in-
 []


Underfull \hbox (badness 7540) in paragraph at lines 389--389
\OT1/cmr/bx/n/12 formac~ao a ser al-te-rada:
 []

[13]
Underfull \hbox (badness 10000) in paragraph at lines 410--410
[]\OT1/cmr/m/n/12 Refer^encias
 []


Underfull \hbox (badness 2111) in paragraph at lines 421--421
\OT1/cmr/bx/n/12 a-rio Co-mum e ins-tala no
 []

[14]
Underfull \hbox (badness 10000) in paragraph at lines 441--441
[]\OT1/cmr/m/n/12 Refer^encias
 []


Underfull \hbox (badness 3323) in paragraph at lines 451--451
\OT1/cmr/bx/n/12 a fun-ci-o-na-li-dade de atu-a-
 []

[15]
Underfull \hbox (badness 10000) in paragraph at lines 471--471
[]\OT1/cmr/m/n/12 Refer^encias
 []

[16]
("C:\Users\Eymar Lima\Dropbox\Faculdade\5ยบ Semestre\ES 1\Projeto GamSys\Projet
o-GamSys\Casos de Uso - Expandido\base latex.aux") ) 
Here is how much of TeX's memory you used:
 1584 strings out of 493921
 21532 string characters out of 3147267
 78014 words of memory out of 3000000
 4889 multiletter control sequences out of 15000+200000
 10814 words of font info for 33 fonts, out of 3000000 for 9000
 841 hyphenation exceptions out of 8191
 27i,10n,24p,263b,285s stack positions out of 5000i,500n,10000p,200000b,50000s
{C:/Program Files/MiKTeX 2.
9/fonts/enc/dvips/fontname/8r.enc}<C:/Program Files/MiKTeX 2.9/fonts/type1/publ
ic/amsfonts/cm/cmbx12.pfb><C:/Program Files/MiKTeX 2.9/fonts/type1/public/amsfo
nts/cm/cmr12.pfb><C:/Program Files/MiKTeX 2.9/fonts/type1/urw/times/utmb8a.pfb>
Output written on "base latex.pdf" (16 pages, 76866 bytes).
PDF statistics:
 67 PDF objects out of 1000 (max. 8388607)
 0 named destinations out of 1000 (max. 500000)
 1 words of extra memory for PDF output out of 10000 (max. 10000000)

